[  5%] Built target measurement
[ 10%] Built target velocity_limit
[ 15%] Built target velocity_trapezium
[ 20%] Built target velocity_control
[ 25%] Built target sinusoidal
[ 30%] Built target garis_lurus
[ 35%] Built target trapezium_sigmoid
[ 40%] Built target coupling_measurement
[ 45%] Built target power_consumption
[ 50%] Built target circle
[ 55%] Built target keyboard_command
[ 60%] Built target position_control
[ 65%] Built target paper
[ 70%] Built target position_sigmoid
[ 75%] Built target billie
[ 80%] Built target zigzag
[ 85%] Built target gps_control
[ 90%] Built target multiple_trajectory
[35m[1mScanning dependencies of target pitch_limitation[0m
[ 92%] [32mBuilding CXX object CMakeFiles/pitch_limitation.dir/src/pitch_limitation.cpp.o[0m
[ 97%] Built target rpy_measurement
[100%] [32m[1mLinking CXX executable /home/billie/catkin_ws/devel/.private/billie/lib/billie/pitch_limitation[0m
[100%] Built target pitch_limitation
