Linked: (/home/billie/catkin_ws/devel/.private/billie/lib/libSetJointVelocityPlugin.so, /home/billie/catkin_ws/devel/lib/libSetJointVelocityPlugin.so)
Linked: (/home/billie/catkin_ws/devel/.private/billie/lib/pkgconfig/billie.pc, /home/billie/catkin_ws/devel/lib/pkgconfig/billie.pc)
Linked: (/home/billie/catkin_ws/devel/.private/billie/lib/billie/circle, /home/billie/catkin_ws/devel/lib/billie/circle)
Linked: (/home/billie/catkin_ws/devel/.private/billie/lib/billie/garis_lurus, /home/billie/catkin_ws/devel/lib/billie/garis_lurus)
Linked: (/home/billie/catkin_ws/devel/.private/billie/lib/billie/velocity_trapezium, /home/billie/catkin_ws/devel/lib/billie/velocity_trapezium)
Linked: (/home/billie/catkin_ws/devel/.private/billie/lib/billie/measurement, /home/billie/catkin_ws/devel/lib/billie/measurement)
Linked: (/home/billie/catkin_ws/devel/.private/billie/lib/billie/velocity_control, /home/billie/catkin_ws/devel/lib/billie/velocity_control)
Linked: (/home/billie/catkin_ws/devel/.private/billie/lib/billie/rpy_measurement, /home/billie/catkin_ws/devel/lib/billie/rpy_measurement)
Linked: (/home/billie/catkin_ws/devel/.private/billie/lib/billie/billie, /home/billie/catkin_ws/devel/lib/billie/billie)
Linked: (/home/billie/catkin_ws/devel/.private/billie/lib/billie/position_control, /home/billie/catkin_ws/devel/lib/billie/position_control)
Linked: (/home/billie/catkin_ws/devel/.private/billie/lib/billie/sinusoidal, /home/billie/catkin_ws/devel/lib/billie/sinusoidal)
Linked: (/home/billie/catkin_ws/devel/.private/billie/lib/billie/gps_control, /home/billie/catkin_ws/devel/lib/billie/gps_control)
Linked: (/home/billie/catkin_ws/devel/.private/billie/lib/billie/keyboard_command, /home/billie/catkin_ws/devel/lib/billie/keyboard_command)
Linked: (/home/billie/catkin_ws/devel/.private/billie/lib/billie/paper, /home/billie/catkin_ws/devel/lib/billie/paper)
Linked: (/home/billie/catkin_ws/devel/.private/billie/lib/billie/coupling_measurement, /home/billie/catkin_ws/devel/lib/billie/coupling_measurement)
Linked: (/home/billie/catkin_ws/devel/.private/billie/lib/billie/multiple_trajectory, /home/billie/catkin_ws/devel/lib/billie/multiple_trajectory)
Linked: (/home/billie/catkin_ws/devel/.private/billie/lib/billie/zigzag, /home/billie/catkin_ws/devel/lib/billie/zigzag)
Linked: (/home/billie/catkin_ws/devel/.private/billie/lib/billie/pitch_limitation, /home/billie/catkin_ws/devel/lib/billie/pitch_limitation)
Linked: (/home/billie/catkin_ws/devel/.private/billie/lib/billie/power_consumption, /home/billie/catkin_ws/devel/lib/billie/power_consumption)
Linked: (/home/billie/catkin_ws/devel/.private/billie/lib/billie/velocity_limit, /home/billie/catkin_ws/devel/lib/billie/velocity_limit)
Linked: (/home/billie/catkin_ws/devel/.private/billie/lib/billie/position_sigmoid, /home/billie/catkin_ws/devel/lib/billie/position_sigmoid)
Linked: (/home/billie/catkin_ws/devel/.private/billie/lib/billie/trapezium_sigmoid, /home/billie/catkin_ws/devel/lib/billie/trapezium_sigmoid)
Linked: (/home/billie/catkin_ws/devel/.private/billie/share/billie/cmake/billieConfig.cmake, /home/billie/catkin_ws/devel/share/billie/cmake/billieConfig.cmake)
Linked: (/home/billie/catkin_ws/devel/.private/billie/share/billie/cmake/billieConfig-version.cmake, /home/billie/catkin_ws/devel/share/billie/cmake/billieConfig-version.cmake)
