[  5%] Built target measurement
[35m[1mScanning dependencies of target velocity_trapezium[0m
[ 10%] Built target velocity_limit
[ 15%] Built target velocity_control
[ 20%] Built target sinusoidal
[ 25%] Built target trapezium_sigmoid
[ 27%] [32mBuilding CXX object CMakeFiles/velocity_trapezium.dir/src/velocity_trapezium.cpp.o[0m
[ 32%] Built target garis_lurus
[ 37%] Built target coupling_measurement
[ 42%] Built target circle
[ 47%] Built target power_consumption
[ 52%] Built target paper
[ 57%] Built target keyboard_command
[ 62%] Built target position_control
[ 67%] Built target billie
[ 72%] Built target zigzag
[ 77%] Built target position_sigmoid
[ 82%] Built target multiple_trajectory
[ 87%] Built target gps_control
[ 92%] Built target rpy_measurement
[ 97%] Built target pitch_limitation
[100%] [32m[1mLinking CXX executable /home/billie/catkin_ws/devel/.private/billie/lib/billie/velocity_trapezium[0m
[100%] Built target velocity_trapezium
